(testing /course/cs4500f22/ta/github/plucky-bees/7/xbad)
(testing /course/cs4500f22/ta/github/7/35/Tests/0-in.json /course/cs4500f22/ta/github/7/35/Tests/0-out.json)
Exception in thread "main" java.lang.RuntimeException: java.lang.NullPointerException
	at game.it.GameRefereeIntegrationExceptionsTest.executeTest(GameRefereeIntegrationExceptionsTest.java:59)
	at game.it.TestRunner.main(TestRunner.java:32)
Caused by: java.lang.NullPointerException
	at protocol.serialization.MazeJsonParser.getStrategy(MazeJsonParser.java:132)
	at protocol.serialization.MazeJsonParser.getPSAndBadPS(MazeJsonParser.java:201)
	at game.it.GameRefereeIntegrationExceptionsTest.executeTest(GameRefereeIntegrationExceptionsTest.java:30)
	... 1 more
(testing /course/cs4500f22/ta/github/7/35/Tests/1-in.json /course/cs4500f22/ta/github/7/35/Tests/1-out.json)
Exception in thread "main" java.lang.RuntimeException: java.lang.NullPointerException
	at game.it.GameRefereeIntegrationExceptionsTest.executeTest(GameRefereeIntegrationExceptionsTest.java:59)
	at game.it.TestRunner.main(TestRunner.java:32)
Caused by: java.lang.NullPointerException
	at protocol.serialization.MazeJsonParser.getStrategy(MazeJsonParser.java:132)
	at protocol.serialization.MazeJsonParser.getPSAndBadPS(MazeJsonParser.java:201)
	at game.it.GameRefereeIntegrationExceptionsTest.executeTest(GameRefereeIntegrationExceptionsTest.java:30)
	... 1 more
(testing /course/cs4500f22/ta/github/7/35/Tests/2-in.json /course/cs4500f22/ta/github/7/35/Tests/2-out.json)
Exception in thread "main" java.lang.RuntimeException: java.lang.NullPointerException
	at game.it.GameRefereeIntegrationExceptionsTest.executeTest(GameRefereeIntegrationExceptionsTest.java:59)
	at game.it.TestRunner.main(TestRunner.java:32)
Caused by: java.lang.NullPointerException
	at protocol.serialization.MazeJsonParser.getStrategy(MazeJsonParser.java:132)
	at protocol.serialization.MazeJsonParser.getPSAndBadPS(MazeJsonParser.java:201)
	at game.it.GameRefereeIntegrationExceptionsTest.executeTest(GameRefereeIntegrationExceptionsTest.java:30)
	... 1 more
((/course/cs4500f22/ta/github/7/35/Tests/0-in.json /course/cs4500f22/ta/github/7/35/Tests/0-out.json) (/course/cs4500f22/ta/github/7/35/Tests/1-in.json /course/cs4500f22/ta/github/7/35/Tests/1-out.json) (/course/cs4500f22/ta/github/7/35/Tests/2-in.json /course/cs4500f22/ta/github/7/35/Tests/2-out.json))
((passed 3) (total 3) (partial-score 3))

