(testing /course/cs4500f22/ta/github/recursive-koodotk/5/xchoice)
(testing /course/cs4500f22/ta/github/5/26/Tests/4-in.json /course/cs4500f22/ta/github/5/26/Tests/4-out.json)
Exception in thread "main" java.lang.RuntimeException: game.it.processing.MazeJsonParser$MazeJsonProcessingException: Did not find all four expected values for State.
	at game.it.StrategyIntegrationTest.executeTest(StrategyIntegrationTest.java:41)
	at game.it.TestRunner.main(TestRunner.java:22)
Caused by: game.it.processing.MazeJsonParser$MazeJsonProcessingException: Did not find all four expected values for State.
	at game.it.processing.MazeJsonParser.getGame(MazeJsonParser.java:75)
	at game.it.StrategyIntegrationTest.executeTest(StrategyIntegrationTest.java:27)
	... 1 more
((/course/cs4500f22/ta/github/5/26/Tests/4-in.json /course/cs4500f22/ta/github/5/26/Tests/4-out.json))
((passed 1) (total 1) (partial-score 1))

